
*** Running vivado
    with args -log maq_exp.vds -m64 -product Vivado -mode batch -messageDb vivado.pb -notrace -source maq_exp.tcl


ECHO est  desactivado.
ECHO est  desactivado.

****** Vivado v2023.1 (64-bit)
  **** SW Build 3865809 on Sun May  7 15:05:29 MDT 2023
  **** IP Build 3864474 on Sun May  7 20:36:21 MDT 2023
  **** SharedData Build 3865790 on Sun May 07 13:33:03 MDT 2023
    ** Copyright 1986-2022 Xilinx, Inc. All Rights Reserved.
    ** Copyright 2022-2023 Advanced Micro Devices, Inc. All Rights Reserved.

source maq_exp.tcl -notrace
create_project: Time (s): cpu = 00:00:07 ; elapsed = 00:00:08 . Memory (MB): peak = 427.441 ; gain = 162.750
Command: read_checkpoint -auto_incremental -incremental C:/Users/kikem/Documents/GitHub/Maq_expendedora/Maq_expendedora/Maq_expendedora.srcs/utils_1/imports/synth_1/maq_exp.dcp
INFO: [Vivado 12-5825] Read reference checkpoint from C:/Users/kikem/Documents/GitHub/Maq_expendedora/Maq_expendedora/Maq_expendedora.srcs/utils_1/imports/synth_1/maq_exp.dcp for incremental synthesis
INFO: [Vivado 12-7989] Please ensure there are no constraint changes
Command: synth_design -top maq_exp -part xc7a100tcsg324-1
Starting synth_design
Attempting to get a license for feature 'Synthesis' and/or device 'xc7a100t'
INFO: [Common 17-349] Got license for feature 'Synthesis' and/or device 'xc7a100t'
INFO: [Device 21-403] Loading part xc7a100tcsg324-1
INFO: [Designutils 20-5440] No compile time benefit to using incremental synthesis; A full resynthesis will be run
INFO: [Designutils 20-4379] Flow is switching to default flow due to incremental criteria not met. If you would like to alter this behaviour and have the flow terminate instead, please set the following parameter config_implementation {autoIncr.Synth.RejectBehavior Terminate}
INFO: [Synth 8-7079] Multithreading enabled for synth_design using a maximum of 2 processes.
INFO: [Synth 8-7078] Launching helper process for spawning children vivado processes
INFO: [Synth 8-7075] Helper process launched with PID 10912
---------------------------------------------------------------------------------
Starting RTL Elaboration : Time (s): cpu = 00:00:09 ; elapsed = 00:00:10 . Memory (MB): peak = 1261.902 ; gain = 411.148
---------------------------------------------------------------------------------
INFO: [Synth 8-638] synthesizing module 'maq_exp' [C:/Users/kikem/Documents/GitHub/Maq_expendedora/Maq_expendedora/Maq_expendedora.srcs/sources_1/new/maq_exp.vhd:38]
INFO: [Synth 8-256] done synthesizing module 'maq_exp' (0#1) [C:/Users/kikem/Documents/GitHub/Maq_expendedora/Maq_expendedora/Maq_expendedora.srcs/sources_1/new/maq_exp.vhd:38]
WARNING: [Synth 8-3330] design maq_exp has an empty top module
---------------------------------------------------------------------------------
Finished RTL Elaboration : Time (s): cpu = 00:00:15 ; elapsed = 00:00:15 . Memory (MB): peak = 1350.566 ; gain = 499.812
---------------------------------------------------------------------------------
---------------------------------------------------------------------------------
Start Handling Custom Attributes
---------------------------------------------------------------------------------
---------------------------------------------------------------------------------
Finished Handling Custom Attributes : Time (s): cpu = 00:00:15 ; elapsed = 00:00:15 . Memory (MB): peak = 1350.566 ; gain = 499.812
---------------------------------------------------------------------------------
---------------------------------------------------------------------------------
Finished RTL Optimization Phase 1 : Time (s): cpu = 00:00:15 ; elapsed = 00:00:15 . Memory (MB): peak = 1350.566 ; gain = 499.812
---------------------------------------------------------------------------------
Netlist sorting complete. Time (s): cpu = 00:00:00 ; elapsed = 00:00:00.001 . Memory (MB): peak = 1350.566 ; gain = 0.000
INFO: [Project 1-570] Preparing netlist for logic optimization

Processing XDC Constraints
Initializing timing engine
Parsing XDC File [C:/Users/kikem/Documents/GitHub/Maq_expendedora/Maq_expendedora/Maq_expendedora.srcs/constrs_1/imports/SEM_7/Nexys-4-DDR-Master.xdc]
WARNING: [Vivado 12-584] No ports matched 'CLK'. [C:/Users/kikem/Documents/GitHub/Maq_expendedora/Maq_expendedora/Maq_expendedora.srcs/constrs_1/imports/SEM_7/Nexys-4-DDR-Master.xdc:7]
CRITICAL WARNING: [Common 17-55] 'set_property' expects at least one object. [C:/Users/kikem/Documents/GitHub/Maq_expendedora/Maq_expendedora/Maq_expendedora.srcs/constrs_1/imports/SEM_7/Nexys-4-DDR-Master.xdc:7]
Resolution: If [get_<value>] was used to populate the object, check to make sure this command returns at least one valid object.
WARNING: [Vivado 12-584] No ports matched 'SW[0]'. [C:/Users/kikem/Documents/GitHub/Maq_expendedora/Maq_expendedora/Maq_expendedora.srcs/constrs_1/imports/SEM_7/Nexys-4-DDR-Master.xdc:13]
CRITICAL WARNING: [Common 17-55] 'set_property' expects at least one object. [C:/Users/kikem/Documents/GitHub/Maq_expendedora/Maq_expendedora/Maq_expendedora.srcs/constrs_1/imports/SEM_7/Nexys-4-DDR-Master.xdc:13]
Resolution: If [get_<value>] was used to populate the object, check to make sure this command returns at least one valid object.
WARNING: [Vivado 12-584] No ports matched 'SW[1]'. [C:/Users/kikem/Documents/GitHub/Maq_expendedora/Maq_expendedora/Maq_expendedora.srcs/constrs_1/imports/SEM_7/Nexys-4-DDR-Master.xdc:14]
CRITICAL WARNING: [Common 17-55] 'set_property' expects at least one object. [C:/Users/kikem/Documents/GitHub/Maq_expendedora/Maq_expendedora/Maq_expendedora.srcs/constrs_1/imports/SEM_7/Nexys-4-DDR-Master.xdc:14]
Resolution: If [get_<value>] was used to populate the object, check to make sure this command returns at least one valid object.
WARNING: [Vivado 12-584] No ports matched 'SW[2]'. [C:/Users/kikem/Documents/GitHub/Maq_expendedora/Maq_expendedora/Maq_expendedora.srcs/constrs_1/imports/SEM_7/Nexys-4-DDR-Master.xdc:15]
CRITICAL WARNING: [Common 17-55] 'set_property' expects at least one object. [C:/Users/kikem/Documents/GitHub/Maq_expendedora/Maq_expendedora/Maq_expendedora.srcs/constrs_1/imports/SEM_7/Nexys-4-DDR-Master.xdc:15]
Resolution: If [get_<value>] was used to populate the object, check to make sure this command returns at least one valid object.
WARNING: [Vivado 12-584] No ports matched 'SW[3]'. [C:/Users/kikem/Documents/GitHub/Maq_expendedora/Maq_expendedora/Maq_expendedora.srcs/constrs_1/imports/SEM_7/Nexys-4-DDR-Master.xdc:16]
CRITICAL WARNING: [Common 17-55] 'set_property' expects at least one object. [C:/Users/kikem/Documents/GitHub/Maq_expendedora/Maq_expendedora/Maq_expendedora.srcs/constrs_1/imports/SEM_7/Nexys-4-DDR-Master.xdc:16]
Resolution: If [get_<value>] was used to populate the object, check to make sure this command returns at least one valid object.
WARNING: [Vivado 12-584] No ports matched 'SW_S[0]'. [C:/Users/kikem/Documents/GitHub/Maq_expendedora/Maq_expendedora/Maq_expendedora.srcs/constrs_1/imports/SEM_7/Nexys-4-DDR-Master.xdc:25]
CRITICAL WARNING: [Common 17-55] 'set_property' expects at least one object. [C:/Users/kikem/Documents/GitHub/Maq_expendedora/Maq_expendedora/Maq_expendedora.srcs/constrs_1/imports/SEM_7/Nexys-4-DDR-Master.xdc:25]
Resolution: If [get_<value>] was used to populate the object, check to make sure this command returns at least one valid object.
WARNING: [Vivado 12-584] No ports matched 'SW_S[1]'. [C:/Users/kikem/Documents/GitHub/Maq_expendedora/Maq_expendedora/Maq_expendedora.srcs/constrs_1/imports/SEM_7/Nexys-4-DDR-Master.xdc:26]
CRITICAL WARNING: [Common 17-55] 'set_property' expects at least one object. [C:/Users/kikem/Documents/GitHub/Maq_expendedora/Maq_expendedora/Maq_expendedora.srcs/constrs_1/imports/SEM_7/Nexys-4-DDR-Master.xdc:26]
Resolution: If [get_<value>] was used to populate the object, check to make sure this command returns at least one valid object.
WARNING: [Vivado 12-584] No ports matched 'SW_S[2]'. [C:/Users/kikem/Documents/GitHub/Maq_expendedora/Maq_expendedora/Maq_expendedora.srcs/constrs_1/imports/SEM_7/Nexys-4-DDR-Master.xdc:27]
CRITICAL WARNING: [Common 17-55] 'set_property' expects at least one object. [C:/Users/kikem/Documents/GitHub/Maq_expendedora/Maq_expendedora/Maq_expendedora.srcs/constrs_1/imports/SEM_7/Nexys-4-DDR-Master.xdc:27]
Resolution: If [get_<value>] was used to populate the object, check to make sure this command returns at least one valid object.
WARNING: [Vivado 12-584] No ports matched 'SW_S[3]'. [C:/Users/kikem/Documents/GitHub/Maq_expendedora/Maq_expendedora/Maq_expendedora.srcs/constrs_1/imports/SEM_7/Nexys-4-DDR-Master.xdc:28]
CRITICAL WARNING: [Common 17-55] 'set_property' expects at least one object. [C:/Users/kikem/Documents/GitHub/Maq_expendedora/Maq_expendedora/Maq_expendedora.srcs/constrs_1/imports/SEM_7/Nexys-4-DDR-Master.xdc:28]
Resolution: If [get_<value>] was used to populate the object, check to make sure this command returns at least one valid object.
WARNING: [Vivado 12-584] No ports matched 'SEG[0]'. [C:/Users/kikem/Documents/GitHub/Maq_expendedora/Maq_expendedora/Maq_expendedora.srcs/constrs_1/imports/SEM_7/Nexys-4-DDR-Master.xdc:60]
CRITICAL WARNING: [Common 17-55] 'set_property' expects at least one object. [C:/Users/kikem/Documents/GitHub/Maq_expendedora/Maq_expendedora/Maq_expendedora.srcs/constrs_1/imports/SEM_7/Nexys-4-DDR-Master.xdc:60]
Resolution: If [get_<value>] was used to populate the object, check to make sure this command returns at least one valid object.
WARNING: [Vivado 12-584] No ports matched 'SEG[1]'. [C:/Users/kikem/Documents/GitHub/Maq_expendedora/Maq_expendedora/Maq_expendedora.srcs/constrs_1/imports/SEM_7/Nexys-4-DDR-Master.xdc:61]
CRITICAL WARNING: [Common 17-55] 'set_property' expects at least one object. [C:/Users/kikem/Documents/GitHub/Maq_expendedora/Maq_expendedora/Maq_expendedora.srcs/constrs_1/imports/SEM_7/Nexys-4-DDR-Master.xdc:61]
Resolution: If [get_<value>] was used to populate the object, check to make sure this command returns at least one valid object.
WARNING: [Vivado 12-584] No ports matched 'SEG[2]'. [C:/Users/kikem/Documents/GitHub/Maq_expendedora/Maq_expendedora/Maq_expendedora.srcs/constrs_1/imports/SEM_7/Nexys-4-DDR-Master.xdc:62]
CRITICAL WARNING: [Common 17-55] 'set_property' expects at least one object. [C:/Users/kikem/Documents/GitHub/Maq_expendedora/Maq_expendedora/Maq_expendedora.srcs/constrs_1/imports/SEM_7/Nexys-4-DDR-Master.xdc:62]
Resolution: If [get_<value>] was used to populate the object, check to make sure this command returns at least one valid object.
WARNING: [Vivado 12-584] No ports matched 'SEG[3]'. [C:/Users/kikem/Documents/GitHub/Maq_expendedora/Maq_expendedora/Maq_expendedora.srcs/constrs_1/imports/SEM_7/Nexys-4-DDR-Master.xdc:63]
CRITICAL WARNING: [Common 17-55] 'set_property' expects at least one object. [C:/Users/kikem/Documents/GitHub/Maq_expendedora/Maq_expendedora/Maq_expendedora.srcs/constrs_1/imports/SEM_7/Nexys-4-DDR-Master.xdc:63]
Resolution: If [get_<value>] was used to populate the object, check to make sure this command returns at least one valid object.
WARNING: [Vivado 12-584] No ports matched 'SEG[4]'. [C:/Users/kikem/Documents/GitHub/Maq_expendedora/Maq_expendedora/Maq_expendedora.srcs/constrs_1/imports/SEM_7/Nexys-4-DDR-Master.xdc:64]
CRITICAL WARNING: [Common 17-55] 'set_property' expects at least one object. [C:/Users/kikem/Documents/GitHub/Maq_expendedora/Maq_expendedora/Maq_expendedora.srcs/constrs_1/imports/SEM_7/Nexys-4-DDR-Master.xdc:64]
Resolution: If [get_<value>] was used to populate the object, check to make sure this command returns at least one valid object.
WARNING: [Vivado 12-584] No ports matched 'SEG[5]'. [C:/Users/kikem/Documents/GitHub/Maq_expendedora/Maq_expendedora/Maq_expendedora.srcs/constrs_1/imports/SEM_7/Nexys-4-DDR-Master.xdc:65]
CRITICAL WARNING: [Common 17-55] 'set_property' expects at least one object. [C:/Users/kikem/Documents/GitHub/Maq_expendedora/Maq_expendedora/Maq_expendedora.srcs/constrs_1/imports/SEM_7/Nexys-4-DDR-Master.xdc:65]
Resolution: If [get_<value>] was used to populate the object, check to make sure this command returns at least one valid object.
WARNING: [Vivado 12-584] No ports matched 'SEG[6]'. [C:/Users/kikem/Documents/GitHub/Maq_expendedora/Maq_expendedora/Maq_expendedora.srcs/constrs_1/imports/SEM_7/Nexys-4-DDR-Master.xdc:66]
CRITICAL WARNING: [Common 17-55] 'set_property' expects at least one object. [C:/Users/kikem/Documents/GitHub/Maq_expendedora/Maq_expendedora/Maq_expendedora.srcs/constrs_1/imports/SEM_7/Nexys-4-DDR-Master.xdc:66]
Resolution: If [get_<value>] was used to populate the object, check to make sure this command returns at least one valid object.
WARNING: [Vivado 12-584] No ports matched 'DP'. [C:/Users/kikem/Documents/GitHub/Maq_expendedora/Maq_expendedora/Maq_expendedora.srcs/constrs_1/imports/SEM_7/Nexys-4-DDR-Master.xdc:68]
CRITICAL WARNING: [Common 17-55] 'set_property' expects at least one object. [C:/Users/kikem/Documents/GitHub/Maq_expendedora/Maq_expendedora/Maq_expendedora.srcs/constrs_1/imports/SEM_7/Nexys-4-DDR-Master.xdc:68]
Resolution: If [get_<value>] was used to populate the object, check to make sure this command returns at least one valid object.
WARNING: [Vivado 12-584] No ports matched 'digctrl[0]'. [C:/Users/kikem/Documents/GitHub/Maq_expendedora/Maq_expendedora/Maq_expendedora.srcs/constrs_1/imports/SEM_7/Nexys-4-DDR-Master.xdc:70]
CRITICAL WARNING: [Common 17-55] 'set_property' expects at least one object. [C:/Users/kikem/Documents/GitHub/Maq_expendedora/Maq_expendedora/Maq_expendedora.srcs/constrs_1/imports/SEM_7/Nexys-4-DDR-Master.xdc:70]
Resolution: If [get_<value>] was used to populate the object, check to make sure this command returns at least one valid object.
WARNING: [Vivado 12-584] No ports matched 'digctrl[1]'. [C:/Users/kikem/Documents/GitHub/Maq_expendedora/Maq_expendedora/Maq_expendedora.srcs/constrs_1/imports/SEM_7/Nexys-4-DDR-Master.xdc:71]
CRITICAL WARNING: [Common 17-55] 'set_property' expects at least one object. [C:/Users/kikem/Documents/GitHub/Maq_expendedora/Maq_expendedora/Maq_expendedora.srcs/constrs_1/imports/SEM_7/Nexys-4-DDR-Master.xdc:71]
Resolution: If [get_<value>] was used to populate the object, check to make sure this command returns at least one valid object.
WARNING: [Vivado 12-584] No ports matched 'digctrl[2]'. [C:/Users/kikem/Documents/GitHub/Maq_expendedora/Maq_expendedora/Maq_expendedora.srcs/constrs_1/imports/SEM_7/Nexys-4-DDR-Master.xdc:72]
CRITICAL WARNING: [Common 17-55] 'set_property' expects at least one object. [C:/Users/kikem/Documents/GitHub/Maq_expendedora/Maq_expendedora/Maq_expendedora.srcs/constrs_1/imports/SEM_7/Nexys-4-DDR-Master.xdc:72]
Resolution: If [get_<value>] was used to populate the object, check to make sure this command returns at least one valid object.
WARNING: [Vivado 12-584] No ports matched 'digctrl[3]'. [C:/Users/kikem/Documents/GitHub/Maq_expendedora/Maq_expendedora/Maq_expendedora.srcs/constrs_1/imports/SEM_7/Nexys-4-DDR-Master.xdc:73]
CRITICAL WARNING: [Common 17-55] 'set_property' expects at least one object. [C:/Users/kikem/Documents/GitHub/Maq_expendedora/Maq_expendedora/Maq_expendedora.srcs/constrs_1/imports/SEM_7/Nexys-4-DDR-Master.xdc:73]
Resolution: If [get_<value>] was used to populate the object, check to make sure this command returns at least one valid object.
WARNING: [Vivado 12-584] No ports matched 'digctrl[4]'. [C:/Users/kikem/Documents/GitHub/Maq_expendedora/Maq_expendedora/Maq_expendedora.srcs/constrs_1/imports/SEM_7/Nexys-4-DDR-Master.xdc:74]
CRITICAL WARNING: [Common 17-55] 'set_property' expects at least one object. [C:/Users/kikem/Documents/GitHub/Maq_expendedora/Maq_expendedora/Maq_expendedora.srcs/constrs_1/imports/SEM_7/Nexys-4-DDR-Master.xdc:74]
Resolution: If [get_<value>] was used to populate the object, check to make sure this command returns at least one valid object.
WARNING: [Vivado 12-584] No ports matched 'digctrl[5]'. [C:/Users/kikem/Documents/GitHub/Maq_expendedora/Maq_expendedora/Maq_expendedora.srcs/constrs_1/imports/SEM_7/Nexys-4-DDR-Master.xdc:75]
CRITICAL WARNING: [Common 17-55] 'set_property' expects at least one object. [C:/Users/kikem/Documents/GitHub/Maq_expendedora/Maq_expendedora/Maq_expendedora.srcs/constrs_1/imports/SEM_7/Nexys-4-DDR-Master.xdc:75]
Resolution: If [get_<value>] was used to populate the object, check to make sure this command returns at least one valid object.
WARNING: [Vivado 12-584] No ports matched 'digctrl[6]'. [C:/Users/kikem/Documents/GitHub/Maq_expendedora/Maq_expendedora/Maq_expendedora.srcs/constrs_1/imports/SEM_7/Nexys-4-DDR-Master.xdc:76]
CRITICAL WARNING: [Common 17-55] 'set_property' expects at least one object. [C:/Users/kikem/Documents/GitHub/Maq_expendedora/Maq_expendedora/Maq_expendedora.srcs/constrs_1/imports/SEM_7/Nexys-4-DDR-Master.xdc:76]
Resolution: If [get_<value>] was used to populate the object, check to make sure this command returns at least one valid object.
WARNING: [Vivado 12-584] No ports matched 'digctrl[7]'. [C:/Users/kikem/Documents/GitHub/Maq_expendedora/Maq_expendedora/Maq_expendedora.srcs/constrs_1/imports/SEM_7/Nexys-4-DDR-Master.xdc:77]
CRITICAL WARNING: [Common 17-55] 'set_property' expects at least one object. [C:/Users/kikem/Documents/GitHub/Maq_expendedora/Maq_expendedora/Maq_expendedora.srcs/constrs_1/imports/SEM_7/Nexys-4-DDR-Master.xdc:77]
Resolution: If [get_<value>] was used to populate the object, check to make sure this command returns at least one valid object.
WARNING: [Vivado 12-584] No ports matched 'MONEDA'. [C:/Users/kikem/Documents/GitHub/Maq_expendedora/Maq_expendedora/Maq_expendedora.srcs/constrs_1/imports/SEM_7/Nexys-4-DDR-Master.xdc:84]
CRITICAL WARNING: [Common 17-55] 'set_property' expects at least one object. [C:/Users/kikem/Documents/GitHub/Maq_expendedora/Maq_expendedora/Maq_expendedora.srcs/constrs_1/imports/SEM_7/Nexys-4-DDR-Master.xdc:84]
Resolution: If [get_<value>] was used to populate the object, check to make sure this command returns at least one valid object.
WARNING: [Vivado 12-584] No ports matched 'PROD'. [C:/Users/kikem/Documents/GitHub/Maq_expendedora/Maq_expendedora/Maq_expendedora.srcs/constrs_1/imports/SEM_7/Nexys-4-DDR-Master.xdc:87]
CRITICAL WARNING: [Common 17-55] 'set_property' expects at least one object. [C:/Users/kikem/Documents/GitHub/Maq_expendedora/Maq_expendedora/Maq_expendedora.srcs/constrs_1/imports/SEM_7/Nexys-4-DDR-Master.xdc:87]
Resolution: If [get_<value>] was used to populate the object, check to make sure this command returns at least one valid object.
Finished Parsing XDC File [C:/Users/kikem/Documents/GitHub/Maq_expendedora/Maq_expendedora/Maq_expendedora.srcs/constrs_1/imports/SEM_7/Nexys-4-DDR-Master.xdc]
Completed Processing XDC Constraints

Netlist sorting complete. Time (s): cpu = 00:00:00 ; elapsed = 00:00:00 . Memory (MB): peak = 1350.566 ; gain = 0.000
INFO: [Project 1-111] Unisim Transformation Summary:
No Unisim elements were transformed.

Constraint Validation Runtime : Time (s): cpu = 00:00:00 ; elapsed = 00:00:00.009 . Memory (MB): peak = 1350.566 ; gain = 0.000
INFO: [Designutils 20-5440] No compile time benefit to using incremental synthesis; A full resynthesis will be run
INFO: [Designutils 20-4379] Flow is switching to default flow due to incremental criteria not met. If you would like to alter this behaviour and have the flow terminate instead, please set the following parameter config_implementation {autoIncr.Synth.RejectBehavior Terminate}
---------------------------------------------------------------------------------
Finished Constraint Validation : Time (s): cpu = 00:00:37 ; elapsed = 00:00:39 . Memory (MB): peak = 1350.566 ; gain = 499.812
---------------------------------------------------------------------------------
---------------------------------------------------------------------------------
Start Loading Part and Timing Information
---------------------------------------------------------------------------------
Loading part: xc7a100tcsg324-1
---------------------------------------------------------------------------------
Finished Loading Part and Timing Information : Time (s): cpu = 00:00:37 ; elapsed = 00:00:39 . Memory (MB): peak = 1350.566 ; gain = 499.812
---------------------------------------------------------------------------------
---------------------------------------------------------------------------------
Start Applying 'set_property' XDC Constraints
---------------------------------------------------------------------------------
---------------------------------------------------------------------------------
Finished applying 'set_property' XDC Constraints : Time (s): cpu = 00:00:37 ; elapsed = 00:00:39 . Memory (MB): peak = 1350.566 ; gain = 499.812
---------------------------------------------------------------------------------
---------------------------------------------------------------------------------
Finished RTL Optimization Phase 2 : Time (s): cpu = 00:00:37 ; elapsed = 00:00:39 . Memory (MB): peak = 1350.566 ; gain = 499.812
---------------------------------------------------------------------------------
---------------------------------------------------------------------------------
Start RTL Component Statistics 
---------------------------------------------------------------------------------
Detailed RTL Component Info : 
---------------------------------------------------------------------------------
Finished RTL Component Statistics 
---------------------------------------------------------------------------------
---------------------------------------------------------------------------------
Start Part Resource Summary
---------------------------------------------------------------------------------
Part Resources:
DSPs: 240 (col length:80)
BRAMs: 270 (col length: RAMB18 80 RAMB36 40)
---------------------------------------------------------------------------------
Finished Part Resource Summary
---------------------------------------------------------------------------------
---------------------------------------------------------------------------------
Start Cross Boundary and Area Optimization
---------------------------------------------------------------------------------
WARNING: [Synth 8-7080] Parallel synthesis criteria is not met
WARNING: [Synth 8-3330] design maq_exp has an empty top module
---------------------------------------------------------------------------------
Finished Cross Boundary and Area Optimization : Time (s): cpu = 00:00:44 ; elapsed = 00:00:46 . Memory (MB): peak = 1350.566 ; gain = 499.812
---------------------------------------------------------------------------------
---------------------------------------------------------------------------------
Start Applying XDC Timing Constraints
---------------------------------------------------------------------------------
---------------------------------------------------------------------------------
Finished Applying XDC Timing Constraints : Time (s): cpu = 00:01:01 ; elapsed = 00:01:03 . Memory (MB): peak = 1350.566 ; gain = 499.812
---------------------------------------------------------------------------------
---------------------------------------------------------------------------------
Start Timing Optimization
---------------------------------------------------------------------------------
---------------------------------------------------------------------------------
Finished Timing Optimization : Time (s): cpu = 00:01:01 ; elapsed = 00:01:03 . Memory (MB): peak = 1350.566 ; gain = 499.812
---------------------------------------------------------------------------------
---------------------------------------------------------------------------------
Start Technology Mapping
---------------------------------------------------------------------------------
---------------------------------------------------------------------------------
Finished Technology Mapping : Time (s): cpu = 00:01:01 ; elapsed = 00:01:03 . Memory (MB): peak = 1350.566 ; gain = 499.812
---------------------------------------------------------------------------------
---------------------------------------------------------------------------------
Start IO Insertion
---------------------------------------------------------------------------------
---------------------------------------------------------------------------------
Start Flattening Before IO Insertion
---------------------------------------------------------------------------------
---------------------------------------------------------------------------------
Finished Flattening Before IO Insertion
---------------------------------------------------------------------------------
---------------------------------------------------------------------------------
Start Final Netlist Cleanup
---------------------------------------------------------------------------------
---------------------------------------------------------------------------------
Finished Final Netlist Cleanup
---------------------------------------------------------------------------------
---------------------------------------------------------------------------------
Finished IO Insertion : Time (s): cpu = 00:01:16 ; elapsed = 00:01:18 . Memory (MB): peak = 1352.055 ; gain = 501.301
---------------------------------------------------------------------------------
---------------------------------------------------------------------------------
Start Renaming Generated Instances
---------------------------------------------------------------------------------
---------------------------------------------------------------------------------
Finished Renaming Generated Instances : Time (s): cpu = 00:01:16 ; elapsed = 00:01:18 . Memory (MB): peak = 1352.055 ; gain = 501.301
---------------------------------------------------------------------------------
---------------------------------------------------------------------------------
Start Rebuilding User Hierarchy
---------------------------------------------------------------------------------
---------------------------------------------------------------------------------
Finished Rebuilding User Hierarchy : Time (s): cpu = 00:01:16 ; elapsed = 00:01:18 . Memory (MB): peak = 1352.055 ; gain = 501.301
---------------------------------------------------------------------------------
---------------------------------------------------------------------------------
Start Renaming Generated Ports
---------------------------------------------------------------------------------
---------------------------------------------------------------------------------
Finished Renaming Generated Ports : Time (s): cpu = 00:01:16 ; elapsed = 00:01:18 . Memory (MB): peak = 1352.055 ; gain = 501.301
---------------------------------------------------------------------------------
---------------------------------------------------------------------------------
Start Handling Custom Attributes
---------------------------------------------------------------------------------
---------------------------------------------------------------------------------
Finished Handling Custom Attributes : Time (s): cpu = 00:01:16 ; elapsed = 00:01:18 . Memory (MB): peak = 1352.055 ; gain = 501.301
---------------------------------------------------------------------------------
---------------------------------------------------------------------------------
Start Renaming Generated Nets
---------------------------------------------------------------------------------
---------------------------------------------------------------------------------
Finished Renaming Generated Nets : Time (s): cpu = 00:01:16 ; elapsed = 00:01:18 . Memory (MB): peak = 1352.055 ; gain = 501.301
---------------------------------------------------------------------------------
---------------------------------------------------------------------------------
Start Writing Synthesis Report
---------------------------------------------------------------------------------

Report BlackBoxes: 
+-+--------------+----------+
| |BlackBox name |Instances |
+-+--------------+----------+
+-+--------------+----------+

Report Cell Usage: 
+------+--------+------+
|      |Cell    |Count |
+------+--------+------+
|1     |maq_exp |     1|
+------+--------+------+
---------------------------------------------------------------------------------
Finished Writing Synthesis Report : Time (s): cpu = 00:01:16 ; elapsed = 00:01:18 . Memory (MB): peak = 1352.055 ; gain = 501.301
---------------------------------------------------------------------------------
Synthesis finished with 0 errors, 0 critical warnings and 2 warnings.
Synthesis Optimization Runtime : Time (s): cpu = 00:00:57 ; elapsed = 00:01:14 . Memory (MB): peak = 1352.055 ; gain = 501.301
Synthesis Optimization Complete : Time (s): cpu = 00:01:16 ; elapsed = 00:01:19 . Memory (MB): peak = 1352.055 ; gain = 501.301
INFO: [Project 1-571] Translating synthesized netlist
Netlist sorting complete. Time (s): cpu = 00:00:00 ; elapsed = 00:00:00 . Memory (MB): peak = 1352.055 ; gain = 0.000
INFO: [Project 1-570] Preparing netlist for logic optimization
INFO: [Opt 31-138] Pushed 0 inverter(s) to 0 load pin(s).
Netlist sorting complete. Time (s): cpu = 00:00:00 ; elapsed = 00:00:00 . Memory (MB): peak = 1378.320 ; gain = 0.000
INFO: [Project 1-111] Unisim Transformation Summary:
No Unisim elements were transformed.

Synth Design complete | Checksum: 62113f40
INFO: [Common 17-83] Releasing license: Synthesis
20 Infos, 30 Warnings, 27 Critical Warnings and 0 Errors encountered.
synth_design completed successfully
synth_design: Time (s): cpu = 00:01:22 ; elapsed = 00:01:27 . Memory (MB): peak = 1378.320 ; gain = 925.992
INFO: [runtcl-6] Synthesis results are not added to the cache due to CRITICAL_WARNING
INFO: [Common 17-1381] The checkpoint 'C:/Users/kikem/Documents/GitHub/Maq_expendedora/Maq_expendedora/Maq_expendedora.runs/synth_1/maq_exp.dcp' has been generated.
INFO: [runtcl-4] Executing : report_utilization -file maq_exp_utilization_synth.rpt -pb maq_exp_utilization_synth.pb
INFO: [Common 17-206] Exiting Vivado at Tue Dec 19 16:13:45 2023...
